<?xml version="1.0" encoding="UTF-8"?>
<!-- Generated by org.testng.reporters.JUnitXMLReporter -->
<testsuite hostname="DESKTOP-JC7U75T" ignored="0" name="Test" tests="6" failures="0" timestamp="10 Feb 2022 10:58:01 GMT" time="19.635" errors="0">
  <testcase name="loginHotel" time="0.339" classname="org.testNG.AdacTestNG"/>
  <testcase name="tc02" time="2.436" classname="org.testNG.AdacTestNG"/>
  <testcase name="tc03" time="2.212" classname="org.testNG.AdacTestNG"/>
  <testcase name="tc04" time="0.936" classname="org.testNG.AdacTestNG"/>
  <testcase name="tc05" time="1.552" classname="org.testNG.AdacTestNG"/>
  <testcase name="tc06" time="5.795" classname="org.testNG.AdacTestNG"/>
</testsuite> <!-- Test -->
